<?xml version="1.0" encoding="UTF-8"?>
<testsuite xmlns:xsi="http://www.w3.org/2001/XMLSchema-instance" xsi:noNamespaceSchemaLocation="https://maven.apache.org/surefire/maven-surefire-plugin/xsd/surefire-test-report-3.0.xsd" version="3.0" name="test.exercises.Exercise1Test" time="0.027" tests="4" errors="3" skipped="0" failures="0">
  <properties>
[...]
</properties>
  <testcase name="directSQLInjection" classname="test.exercises.Exercise1Test" time="0.004">
    <error message="Analysis does not contain the fact &apos;$userId&apos;." type="java.util.NoSuchElementException"><![CDATA[java.util.NoSuchElementException: Analysis does not contain the fact '$userId'.
	at test.base.TestSetup.assertContainsDataFlowFactAtStmt(TestSetup.java:61)
	at test.exercises.Exercise1Test.directSQLInjection(Exercise1Test.java:28)
	at java.base/jdk.internal.reflect.DirectMethodHandleAccessor.invoke(DirectMethodHandleAccessor.java:103)
	at java.base/java.lang.reflect.Method.invoke(Method.java:580)
	at org.junit.runners.model.FrameworkMethod$1.runReflectiveCall(FrameworkMethod.java:59)
	at org.junit.internal.runners.model.ReflectiveCallable.run(ReflectiveCallable.java:12)
	at org.junit.runners.model.FrameworkMethod.invokeExplosively(FrameworkMethod.java:56)
	at org.junit.internal.runners.statements.InvokeMethod.evaluate(InvokeMethod.java:17)
	at org.junit.internal.runners.statements.RunBefores.evaluate(RunBefores.java:26)
	at org.junit.runners.ParentRunner$3.evaluate(ParentRunner.java:306)
	at org.junit.runners.BlockJUnit4ClassRunner$1.evaluate(BlockJUnit4ClassRunner.java:100)
	at org.junit.runners.ParentRunner.runLeaf(ParentRunner.java:366)
	at org.junit.runners.BlockJUnit4ClassRunner.runChild(BlockJUnit4ClassRunner.java:103)
	at org.junit.runners.BlockJUnit4ClassRunner.runChild(BlockJUnit4ClassRunner.java:63)
	at org.junit.runners.ParentRunner$4.run(ParentRunner.java:331)
	at org.junit.runners.ParentRunner$1.schedule(ParentRunner.java:79)
	at org.junit.runners.ParentRunner.runChildren(ParentRunner.java:329)
	at org.junit.runners.ParentRunner.access$100(ParentRunner.java:66)
	at org.junit.runners.ParentRunner$2.evaluate(ParentRunner.java:293)
	at org.junit.runners.ParentRunner$3.evaluate(ParentRunner.java:306)
	at org.junit.runners.ParentRunner.run(ParentRunner.java:413)
	at org.apache.maven.surefire.junit4.JUnit4Provider.execute(JUnit4Provider.java:316)
	at org.apache.maven.surefire.junit4.JUnit4Provider.executeWithRerun(JUnit4Provider.java:240)
	at org.apache.maven.surefire.junit4.JUnit4Provider.executeTestSet(JUnit4Provider.java:214)
	at org.apache.maven.surefire.junit4.JUnit4Provider.invoke(JUnit4Provider.java:155)
	at org.apache.maven.surefire.booter.ForkedBooter.runSuitesInProcess(ForkedBooter.java:385)
	at org.apache.maven.surefire.booter.ForkedBooter.execute(ForkedBooter.java:162)
	at org.apache.maven.surefire.booter.ForkedBooter.run(ForkedBooter.java:507)
	at org.apache.maven.surefire.booter.ForkedBooter.main(ForkedBooter.java:495)
]]></error>
    <system-out><![CDATA[Method :<target.exercise1.DirectSQLInjection: void doGet(target.exercise1.HttpServletRequest)>, Stmt(line:10) this := @this: target.exercise1.DirectSQLInjection, Fact: <ZERO>
Method :<target.exercise1.DirectSQLInjection: void doGet(target.exercise1.HttpServletRequest)>, Stmt(line:10) request := @parameter0: target.exercise1.HttpServletRequest, Fact: <ZERO>
Method :<target.exercise1.HttpServletRequest: java.lang.String getParameter(java.lang.String)>, Stmt(line:6) this := @this: target.exercise1.HttpServletRequest, Fact: <ZERO>
Method :<target.exercise1.HttpServletRequest: java.lang.String getParameter(java.lang.String)>, Stmt(line:6) string := @parameter0: java.lang.String, Fact: <ZERO>
Method :<target.exercise1.DirectSQLInjection: void doGet(target.exercise1.HttpServletRequest)>, Stmt(line:10) userId#0 = virtualinvoke request.<target.exercise1.HttpServletRequest: java.lang.String getParameter(java.lang.String)>("userId"), Fact: <ZERO>
Method :<target.exercise1.DirectSQLInjection: void doGet(target.exercise1.HttpServletRequest)>, Stmt(line:13) $stack6 = new java.lang.StringBuilder, Fact: <ZERO>
Method :<target.exercise1.DirectSQLInjection: void doGet(target.exercise1.HttpServletRequest)>, Stmt(line:17) goto, Fact: <ZERO>
]]></system-out>
  </testcase>
  <testcase name="assignmentSQLInjection" classname="test.exercises.Exercise1Test" time="0.008">
    <error message="Analysis does not contain the fact &apos;$alias&apos;." type="java.util.NoSuchElementException"><![CDATA[java.util.NoSuchElementException: Analysis does not contain the fact '$alias'.
	at test.base.TestSetup.assertContainsDataFlowFactAtStmt(TestSetup.java:61)
	at test.exercises.Exercise1Test.assignmentSQLInjection(Exercise1Test.java:39)
	at java.base/jdk.internal.reflect.DirectMethodHandleAccessor.invoke(DirectMethodHandleAccessor.java:103)
	at java.base/java.lang.reflect.Method.invoke(Method.java:580)
	at org.junit.runners.model.FrameworkMethod$1.runReflectiveCall(FrameworkMethod.java:59)
	at org.junit.internal.runners.model.ReflectiveCallable.run(ReflectiveCallable.java:12)
	at org.junit.runners.model.FrameworkMethod.invokeExplosively(FrameworkMethod.java:56)
	at org.junit.internal.runners.statements.InvokeMethod.evaluate(InvokeMethod.java:17)
	at org.junit.internal.runners.statements.RunBefores.evaluate(RunBefores.java:26)
	at org.junit.runners.ParentRunner$3.evaluate(ParentRunner.java:306)
	at org.junit.runners.BlockJUnit4ClassRunner$1.evaluate(BlockJUnit4ClassRunner.java:100)
	at org.junit.runners.ParentRunner.runLeaf(ParentRunner.java:366)
	at org.junit.runners.BlockJUnit4ClassRunner.runChild(BlockJUnit4ClassRunner.java:103)
	at org.junit.runners.BlockJUnit4ClassRunner.runChild(BlockJUnit4ClassRunner.java:63)
	at org.junit.runners.ParentRunner$4.run(ParentRunner.java:331)
	at org.junit.runners.ParentRunner$1.schedule(ParentRunner.java:79)
	at org.junit.runners.ParentRunner.runChildren(ParentRunner.java:329)
	at org.junit.runners.ParentRunner.access$100(ParentRunner.java:66)
	at org.junit.runners.ParentRunner$2.evaluate(ParentRunner.java:293)
	at org.junit.runners.ParentRunner$3.evaluate(ParentRunner.java:306)
	at org.junit.runners.ParentRunner.run(ParentRunner.java:413)
	at org.apache.maven.surefire.junit4.JUnit4Provider.execute(JUnit4Provider.java:316)
	at org.apache.maven.surefire.junit4.JUnit4Provider.executeWithRerun(JUnit4Provider.java:240)
	at org.apache.maven.surefire.junit4.JUnit4Provider.executeTestSet(JUnit4Provider.java:214)
	at org.apache.maven.surefire.junit4.JUnit4Provider.invoke(JUnit4Provider.java:155)
	at org.apache.maven.surefire.booter.ForkedBooter.runSuitesInProcess(ForkedBooter.java:385)
	at org.apache.maven.surefire.booter.ForkedBooter.execute(ForkedBooter.java:162)
	at org.apache.maven.surefire.booter.ForkedBooter.run(ForkedBooter.java:507)
	at org.apache.maven.surefire.booter.ForkedBooter.main(ForkedBooter.java:495)
]]></error>
    <system-out><![CDATA[Method :<target.exercise1.AssignmentSQLInjection: void doGet(target.exercise1.HttpServletRequest)>, Stmt(line:9) this := @this: target.exercise1.AssignmentSQLInjection, Fact: <ZERO>
Method :<target.exercise1.AssignmentSQLInjection: void doGet(target.exercise1.HttpServletRequest)>, Stmt(line:9) request := @parameter0: target.exercise1.HttpServletRequest, Fact: <ZERO>
Method :<target.exercise1.HttpServletRequest: java.lang.String getParameter(java.lang.String)>, Stmt(line:6) this := @this: target.exercise1.HttpServletRequest, Fact: <ZERO>
Method :<target.exercise1.AssignmentSQLInjection: void doGet(target.exercise1.HttpServletRequest)>, Stmt(line:10) alias = userId, Fact: <ZERO>
Method :<target.exercise1.HttpServletRequest: java.lang.String getParameter(java.lang.String)>, Stmt(line:6) string := @parameter0: java.lang.String, Fact: <ZERO>
Method :<target.exercise1.AssignmentSQLInjection: void doGet(target.exercise1.HttpServletRequest)>, Stmt(line:9) userId = virtualinvoke request.<target.exercise1.HttpServletRequest: java.lang.String getParameter(java.lang.String)>("userId"), Fact: <ZERO>
Method :<target.exercise1.AssignmentSQLInjection: void doGet(target.exercise1.HttpServletRequest)>, Stmt(line:14) $stack7 = new java.lang.StringBuilder, Fact: <ZERO>
Method :<target.exercise1.AssignmentSQLInjection: void doGet(target.exercise1.HttpServletRequest)>, Stmt(line:18) goto, Fact: <ZERO>
Method :<target.exercise1.AssignmentSQLInjection: void doGet(target.exercise1.HttpServletRequest)>, Stmt(line:19) $stack11 = <java.lang.System: java.io.PrintStream out>, Fact: <ZERO>
Method :<target.exercise1.AssignmentSQLInjection: void doGet(target.exercise1.HttpServletRequest)>, Stmt(line:20) $stack12 = <java.lang.System: java.io.PrintStream out>, Fact: <ZERO>
]]></system-out>
  </testcase>
  <testcase name="noSQLInjection" classname="test.exercises.Exercise1Test" time="0.007">
    <system-out><![CDATA[Method :<target.exercise1.NoSQLInjection: void doGet(target.exercise1.HttpServletRequest)>, Stmt(line:9) this := @this: target.exercise1.NoSQLInjection, Fact: <ZERO>
Method :<target.exercise1.NoSQLInjection: void doGet(target.exercise1.HttpServletRequest)>, Stmt(line:9) request := @parameter0: target.exercise1.HttpServletRequest, Fact: <ZERO>
Method :<target.exercise1.HttpServletRequest: java.lang.String getParameter(java.lang.String)>, Stmt(line:6) this := @this: target.exercise1.HttpServletRequest, Fact: <ZERO>
Method :<target.exercise1.HttpServletRequest: java.lang.String getParameter(java.lang.String)>, Stmt(line:6) string := @parameter0: java.lang.String, Fact: <ZERO>
Method :<target.exercise1.NoSQLInjection: void doGet(target.exercise1.HttpServletRequest)>, Stmt(line:9) userId = virtualinvoke request.<target.exercise1.HttpServletRequest: java.lang.String getParameter(java.lang.String)>("userId"), Fact: <ZERO>
Method :<target.exercise1.NoSQLInjection: void doGet(target.exercise1.HttpServletRequest)>, Stmt(line:17) goto, Fact: <ZERO>
]]></system-out>
  </testcase>
  <testcase name="interproceduralSQLInjection" classname="test.exercises.Exercise1Test" time="0.007">
    <error message="Analysis does not contain the fact &apos;$userId&apos;." type="java.util.NoSuchElementException"><![CDATA[java.util.NoSuchElementException: Analysis does not contain the fact '$userId'.
	at test.base.TestSetup.assertContainsDataFlowFactAtStmt(TestSetup.java:61)
	at test.exercises.Exercise1Test.interproceduralSQLInjection(Exercise1Test.java:55)
	at java.base/jdk.internal.reflect.DirectMethodHandleAccessor.invoke(DirectMethodHandleAccessor.java:103)
	at java.base/java.lang.reflect.Method.invoke(Method.java:580)
	at org.junit.runners.model.FrameworkMethod$1.runReflectiveCall(FrameworkMethod.java:59)
	at org.junit.internal.runners.model.ReflectiveCallable.run(ReflectiveCallable.java:12)
	at org.junit.runners.model.FrameworkMethod.invokeExplosively(FrameworkMethod.java:56)
	at org.junit.internal.runners.statements.InvokeMethod.evaluate(InvokeMethod.java:17)
	at org.junit.internal.runners.statements.RunBefores.evaluate(RunBefores.java:26)
	at org.junit.runners.ParentRunner$3.evaluate(ParentRunner.java:306)
	at org.junit.runners.BlockJUnit4ClassRunner$1.evaluate(BlockJUnit4ClassRunner.java:100)
	at org.junit.runners.ParentRunner.runLeaf(ParentRunner.java:366)
	at org.junit.runners.BlockJUnit4ClassRunner.runChild(BlockJUnit4ClassRunner.java:103)
	at org.junit.runners.BlockJUnit4ClassRunner.runChild(BlockJUnit4ClassRunner.java:63)
	at org.junit.runners.ParentRunner$4.run(ParentRunner.java:331)
	at org.junit.runners.ParentRunner$1.schedule(ParentRunner.java:79)
	at org.junit.runners.ParentRunner.runChildren(ParentRunner.java:329)
	at org.junit.runners.ParentRunner.access$100(ParentRunner.java:66)
	at org.junit.runners.ParentRunner$2.evaluate(ParentRunner.java:293)
	at org.junit.runners.ParentRunner$3.evaluate(ParentRunner.java:306)
	at org.junit.runners.ParentRunner.run(ParentRunner.java:413)
	at org.apache.maven.surefire.junit4.JUnit4Provider.execute(JUnit4Provider.java:316)
	at org.apache.maven.surefire.junit4.JUnit4Provider.executeWithRerun(JUnit4Provider.java:240)
	at org.apache.maven.surefire.junit4.JUnit4Provider.executeTestSet(JUnit4Provider.java:214)
	at org.apache.maven.surefire.junit4.JUnit4Provider.invoke(JUnit4Provider.java:155)
	at org.apache.maven.surefire.booter.ForkedBooter.runSuitesInProcess(ForkedBooter.java:385)
	at org.apache.maven.surefire.booter.ForkedBooter.execute(ForkedBooter.java:162)
	at org.apache.maven.surefire.booter.ForkedBooter.run(ForkedBooter.java:507)
	at org.apache.maven.surefire.booter.ForkedBooter.main(ForkedBooter.java:495)
]]></error>
    <system-out><![CDATA[Method :<target.exercise1.InterproceduralSQLInjection: void doGet(target.exercise1.HttpServletRequest)>, Stmt(line:9) this := @this: target.exercise1.InterproceduralSQLInjection, Fact: <ZERO>
Method :<target.exercise1.InterproceduralSQLInjection: void doGet(target.exercise1.HttpServletRequest)>, Stmt(line:9) request := @parameter0: target.exercise1.HttpServletRequest, Fact: <ZERO>
Method :<target.exercise1.HttpServletRequest: java.lang.String getParameter(java.lang.String)>, Stmt(line:6) this := @this: target.exercise1.HttpServletRequest, Fact: <ZERO>
Method :<target.exercise1.HttpServletRequest: java.lang.String getParameter(java.lang.String)>, Stmt(line:6) string := @parameter0: java.lang.String, Fact: <ZERO>
Method :<target.exercise1.InterproceduralSQLInjection: void createQuery(java.lang.String)>, Stmt(line:15) this := @this: target.exercise1.InterproceduralSQLInjection, Fact: <ZERO>
Method :<target.exercise1.InterproceduralSQLInjection: void doGet(target.exercise1.HttpServletRequest)>, Stmt(line:9) userId = virtualinvoke request.<target.exercise1.HttpServletRequest: java.lang.String getParameter(java.lang.String)>("userId"), Fact: <ZERO>
Method :<target.exercise1.InterproceduralSQLInjection: void createQuery(java.lang.String)>, Stmt(line:-1) $stack9 := @caughtexception, Fact: <ZERO>
Method :<target.exercise1.InterproceduralSQLInjection: void createQuery(java.lang.String)>, Stmt(line:15) parameter := @parameter0: java.lang.String, Fact: <ZERO>
Method :<target.exercise1.InterproceduralSQLInjection: void createQuery(java.lang.String)>, Stmt(line:19) conn#1 = $stack9, Fact: <ZERO>
Method :<target.exercise1.InterproceduralSQLInjection: void createQuery(java.lang.String)>, Stmt(line:20) $stack10 = <java.lang.System: java.io.PrintStream out>, Fact: <ZERO>
Method :<target.exercise1.InterproceduralSQLInjection: void doGet(target.exercise1.HttpServletRequest)>, Stmt(line:10) specialinvoke this.<target.exercise1.InterproceduralSQLInjection: void createQuery(java.lang.String)>(userId), Fact: <ZERO>
Method :<target.exercise1.InterproceduralSQLInjection: void createQuery(java.lang.String)>, Stmt(line:17) $stack5 = new java.lang.StringBuilder, Fact: <ZERO>
Method :<target.exercise1.InterproceduralSQLInjection: void createQuery(java.lang.String)>, Stmt(line:21) goto, Fact: <ZERO>
]]></system-out>
  </testcase>
</testsuite>